<?xml version="1.0" encoding="UTF-8"?>
<!-- Generated by org.testng.reporters.JUnitReportReporter -->
<testsuite skipped="0" hostname="Bobs-MBP.fios-router.home" name="com.qa.hubspot.tests.ContactsPageTest" tests="2" failures="0" timestamp="2020-07-20T18:33:43 EDT" time="30.656" errors="0">
  <testcase name="verifyContactsPageTitle" time="13.064" classname="com.qa.hubspot.tests.ContactsPageTest"/>
  <system-out/>
  <testcase name="createContactsTest" time="17.592" classname="com.qa.hubspot.tests.ContactsPageTest"/>
  <system-out/>
</testsuite> <!-- com.qa.hubspot.tests.ContactsPageTest -->
