<?xml version="1.0" encoding="UTF-8"?>
<!-- Generated by org.testng.reporters.JUnitReportReporter -->
<testsuite skipped="0" hostname="Bobs-MBP.fios-router.home" name="com.qa.hubspot.tests.ContactsPageTest" tests="4" failures="0" timestamp="2020-07-16T00:31:07 EDT" time="67.712" errors="0">
  <testcase name="verifyContactsPageTitle" time="12.113" classname="com.qa.hubspot.tests.ContactsPageTest"/>
  <system-out/>
  <testcase name="createContactsTest" time="18.163" classname="com.qa.hubspot.tests.ContactsPageTest"/>
  <system-out/>
  <testcase name="createContactsTest" time="19.433" classname="com.qa.hubspot.tests.ContactsPageTest"/>
  <system-out/>
  <testcase name="createContactsTest" time="18.003" classname="com.qa.hubspot.tests.ContactsPageTest"/>
  <system-out/>
</testsuite> <!-- com.qa.hubspot.tests.ContactsPageTest -->
