<?xml version="1.0" encoding="UTF-8"?>
<!-- Generated by org.testng.reporters.JUnitReportReporter -->
<testsuite skipped="1" hostname="Bobs-MBP.fios-router.home" name="com.qa.hubspot.tests.LoginPageTest" tests="4" failures="0" timestamp="2020-07-16T00:57:17 EDT" time="10.013" errors="0">
  <testcase name="verifyPageTitleTest" time="4.617" classname="com.qa.hubspot.tests.LoginPageTest"/>
  <system-out/>
  <testcase name="verifySignUpLink" time="0.630" classname="com.qa.hubspot.tests.LoginPageTest"/>
  <system-out/>
  <testcase name="loginTest" time="4.766" classname="com.qa.hubspot.tests.LoginPageTest"/>
  <system-out/>
  <testcase name="login_invalidTestCase" classname="com.qa.hubspot.tests.LoginPageTest">
    <skipped/>
  </testcase> <!-- login_invalidTestCase -->
  <system-out/>
</testsuite> <!-- com.qa.hubspot.tests.LoginPageTest -->
