<?xml version="1.0" encoding="UTF-8"?>
<!-- Generated by org.testng.reporters.JUnitReportReporter -->
<testsuite skipped="1" hostname="Bobs-MBP.fios-router.home" name="com.qa.hubspot.tests.LoginPageTest" tests="2" failures="0" timestamp="2020-07-13T14:40:16 EDT" time="9.927" errors="0">
  <testcase name="loginTest" time="9.927" classname="com.qa.hubspot.tests.LoginPageTest"/>
  <system-out/>
  <testcase name="login_invalidTestCase" classname="com.qa.hubspot.tests.LoginPageTest">
    <skipped/>
  </testcase> <!-- login_invalidTestCase -->
  <system-out/>
</testsuite> <!-- com.qa.hubspot.tests.LoginPageTest -->
